[2022-06-12 09:01:22,507] INFO     0[TestNG-tests-1] - Test.runningTests.beforeSystemSanityTests(runningTests.java:33) - Opening application
[2022-06-12 09:01:22,511] INFO     4[TestNG-tests-1] - Test.runningTests.beforeSystemSanityTests(runningTests.java:37) - Exiting application
[2022-06-12 09:01:22,507] INFO     0[TestNG-tests-2] - Test.runningTests.beforeSystemSanityTests(runningTests.java:33) - Opening application
[2022-06-12 09:01:22,511] INFO     4[TestNG-tests-2] - Test.runningTests.beforeSystemSanityTests(runningTests.java:37) - Exiting application
[2022-06-12 09:01:23,345]DEBUG   838[TestNG-tests-2] - io.netty.util.internal.logging.InternalLoggerFactory.newDefaultFactory(InternalLoggerFactory.java:53) - Using Log4J as the default logging framework
[2022-06-12 09:01:23,349]DEBUG   842[TestNG-tests-2] - io.netty.util.ResourceLeakDetector.<clinit>(ResourceLeakDetector.java:130) - -Dio.netty.leakDetection.level: simple
[2022-06-12 09:01:23,349]DEBUG   842[TestNG-tests-2] - io.netty.util.ResourceLeakDetector.<clinit>(ResourceLeakDetector.java:131) - -Dio.netty.leakDetection.targetRecords: 4
[2022-06-12 09:01:23,353]DEBUG   846[TestNG-tests-2] - io.netty.util.ResourceLeakDetectorFactory$DefaultResourceLeakDetectorFactory.newResourceLeakDetector(ResourceLeakDetectorFactory.java:195) - Loaded default ResourceLeakDetector: io.netty.util.ResourceLeakDetector@11777f78
[2022-06-12 09:01:23,368]DEBUG   861[TestNG-tests-2] - io.netty.util.internal.PlatformDependent.isWindows0(PlatformDependent.java:987) - Platform: Windows
[2022-06-12 09:01:23,370]DEBUG   863[TestNG-tests-2] - io.netty.util.internal.PlatformDependent0.explicitNoUnsafeCause0(PlatformDependent0.java:396) - -Dio.netty.noUnsafe: false
[2022-06-12 09:01:23,370]DEBUG   863[TestNG-tests-2] - io.netty.util.internal.PlatformDependent0.javaVersion0(PlatformDependent0.java:852) - Java version: 17
[2022-06-12 09:01:23,371]DEBUG   864[TestNG-tests-2] - io.netty.util.internal.PlatformDependent0.<clinit>(PlatformDependent0.java:121) - sun.misc.Unsafe.theUnsafe: available
[2022-06-12 09:01:23,372]DEBUG   865[TestNG-tests-2] - io.netty.util.internal.PlatformDependent0.<clinit>(PlatformDependent0.java:145) - sun.misc.Unsafe.copyMemory: available
[2022-06-12 09:01:23,372]DEBUG   865[TestNG-tests-2] - io.netty.util.internal.PlatformDependent0.<clinit>(PlatformDependent0.java:183) - java.nio.Buffer.address: available
[2022-06-12 09:01:23,374]DEBUG   867[TestNG-tests-2] - io.netty.util.internal.PlatformDependent0.<clinit>(PlatformDependent0.java:253) - direct buffer constructor: unavailable
java.lang.UnsupportedOperationException: Reflective setAccessible(true) disabled
	at io.netty.util.internal.ReflectionUtil.trySetAccessible(ReflectionUtil.java:31)
	at io.netty.util.internal.PlatformDependent0$4.run(PlatformDependent0.java:225)
	at java.base/java.security.AccessController.doPrivileged(AccessController.java:318)
	at io.netty.util.internal.PlatformDependent0.<clinit>(PlatformDependent0.java:219)
	at io.netty.util.internal.PlatformDependent.isAndroid(PlatformDependent.java:273)
	at io.netty.util.internal.PlatformDependent.<clinit>(PlatformDependent.java:92)
	at io.netty.util.HashedWheelTimer.<init>(HashedWheelTimer.java:109)
	at io.netty.util.HashedWheelTimer.<init>(HashedWheelTimer.java:218)
	at io.netty.util.HashedWheelTimer.<init>(HashedWheelTimer.java:197)
	at org.asynchttpclient.DefaultAsyncHttpClient.newNettyTimer(DefaultAsyncHttpClient.java:111)
	at org.asynchttpclient.DefaultAsyncHttpClient.<init>(DefaultAsyncHttpClient.java:90)
	at org.asynchttpclient.Dsl.asyncHttpClient(Dsl.java:32)
	at org.openqa.selenium.remote.http.netty.NettyClient.createHttpClient(NettyClient.java:92)
	at org.openqa.selenium.remote.http.netty.NettyClient.<clinit>(NettyClient.java:47)
	at org.openqa.selenium.remote.http.netty.NettyClient$Factory.createClient(NettyClient.java:133)
	at org.openqa.selenium.remote.HttpCommandExecutor.<init>(HttpCommandExecutor.java:107)
	at org.openqa.selenium.remote.HttpCommandExecutor.<init>(HttpCommandExecutor.java:94)
	at org.openqa.selenium.remote.HttpCommandExecutor.<init>(HttpCommandExecutor.java:85)
	at org.openqa.selenium.remote.service.DriverCommandExecutor.<init>(DriverCommandExecutor.java:80)
	at org.openqa.selenium.chromium.ChromiumDriverCommandExecutor.<init>(ChromiumDriverCommandExecutor.java:35)
	at org.openqa.selenium.edge.EdgeDriver$EdgeDriverCommandExecutor.<init>(EdgeDriver.java:69)
	at org.openqa.selenium.edge.EdgeDriver.<init>(EdgeDriver.java:52)
	at org.openqa.selenium.edge.EdgeDriver.<init>(EdgeDriver.java:44)
	at org.openqa.selenium.edge.EdgeDriver.<init>(EdgeDriver.java:41)
	at Test.FuncFile.openBrowserEdge(FuncFile.java:88)
	at Test.runningTests.beforeSystemSanityTests(runningTests.java:56)
	at java.base/jdk.internal.reflect.NativeMethodAccessorImpl.invoke0(Native Method)
	at java.base/jdk.internal.reflect.NativeMethodAccessorImpl.invoke(NativeMethodAccessorImpl.java:77)
	at java.base/jdk.internal.reflect.DelegatingMethodAccessorImpl.invoke(DelegatingMethodAccessorImpl.java:43)
	at java.base/java.lang.reflect.Method.invoke(Method.java:568)
	at org.testng.internal.MethodInvocationHelper.invokeMethod(MethodInvocationHelper.java:133)
	at org.testng.internal.MethodInvocationHelper.invokeMethodConsideringTimeout(MethodInvocationHelper.java:62)
	at org.testng.internal.ConfigInvoker.invokeConfigurationMethod(ConfigInvoker.java:385)
	at org.testng.internal.ConfigInvoker.invokeConfigurations(ConfigInvoker.java:321)
	at org.testng.internal.ConfigInvoker.invokeBeforeGroupsConfigurations(ConfigInvoker.java:149)
	at org.testng.internal.TestInvoker.invokeMethod(TestInvoker.java:522)
	at org.testng.internal.TestInvoker.invokeTestMethod(TestInvoker.java:173)
	at org.testng.internal.MethodRunner.runInSequence(MethodRunner.java:46)
	at org.testng.internal.TestInvoker$MethodInvocationAgent.invoke(TestInvoker.java:824)
	at org.testng.internal.TestInvoker.invokeTestMethods(TestInvoker.java:146)
	at org.testng.internal.TestMethodWorker.invokeTestMethods(TestMethodWorker.java:146)
	at org.testng.internal.TestMethodWorker.run(TestMethodWorker.java:128)
	at java.base/java.util.ArrayList.forEach(ArrayList.java:1511)
	at org.testng.TestRunner.privateRun(TestRunner.java:794)
	at org.testng.TestRunner.run(TestRunner.java:596)
	at org.testng.SuiteRunner.runTest(SuiteRunner.java:377)
	at org.testng.SuiteRunner.access$000(SuiteRunner.java:28)
	at org.testng.SuiteRunner$SuiteWorker.run(SuiteRunner.java:418)
	at org.testng.internal.thread.ThreadUtil.lambda$execute$0(ThreadUtil.java:64)
	at java.base/java.util.concurrent.FutureTask.run(FutureTask.java:264)
	at java.base/java.util.concurrent.ThreadPoolExecutor.runWorker(ThreadPoolExecutor.java:1136)
	at java.base/java.util.concurrent.ThreadPoolExecutor$Worker.run(ThreadPoolExecutor.java:635)
	at java.base/java.lang.Thread.run(Thread.java:833)
[2022-06-12 09:01:23,377]DEBUG   870[TestNG-tests-2] - io.netty.util.internal.PlatformDependent0.<clinit>(PlatformDependent0.java:314) - java.nio.Bits.unaligned: available, true
[2022-06-12 09:01:23,379]DEBUG   872[TestNG-tests-2] - io.netty.util.internal.PlatformDependent0.<clinit>(PlatformDependent0.java:373) - jdk.internal.misc.Unsafe.allocateUninitializedArray(int): unavailable
java.lang.IllegalAccessException: class io.netty.util.internal.PlatformDependent0$6 cannot access class jdk.internal.misc.Unsafe (in module java.base) because module java.base does not export jdk.internal.misc to unnamed module @7ab2bfe1
	at java.base/jdk.internal.reflect.Reflection.newIllegalAccessException(Reflection.java:392)
	at java.base/java.lang.reflect.AccessibleObject.checkAccess(AccessibleObject.java:674)
	at java.base/java.lang.reflect.Method.invoke(Method.java:560)
	at io.netty.util.internal.PlatformDependent0$6.run(PlatformDependent0.java:335)
	at java.base/java.security.AccessController.doPrivileged(AccessController.java:318)
	at io.netty.util.internal.PlatformDependent0.<clinit>(PlatformDependent0.java:326)
	at io.netty.util.internal.PlatformDependent.isAndroid(PlatformDependent.java:273)
	at io.netty.util.internal.PlatformDependent.<clinit>(PlatformDependent.java:92)
	at io.netty.util.HashedWheelTimer.<init>(HashedWheelTimer.java:109)
	at io.netty.util.HashedWheelTimer.<init>(HashedWheelTimer.java:218)
	at io.netty.util.HashedWheelTimer.<init>(HashedWheelTimer.java:197)
	at org.asynchttpclient.DefaultAsyncHttpClient.newNettyTimer(DefaultAsyncHttpClient.java:111)
	at org.asynchttpclient.DefaultAsyncHttpClient.<init>(DefaultAsyncHttpClient.java:90)
	at org.asynchttpclient.Dsl.asyncHttpClient(Dsl.java:32)
	at org.openqa.selenium.remote.http.netty.NettyClient.createHttpClient(NettyClient.java:92)
	at org.openqa.selenium.remote.http.netty.NettyClient.<clinit>(NettyClient.java:47)
	at org.openqa.selenium.remote.http.netty.NettyClient$Factory.createClient(NettyClient.java:133)
	at org.openqa.selenium.remote.HttpCommandExecutor.<init>(HttpCommandExecutor.java:107)
	at org.openqa.selenium.remote.HttpCommandExecutor.<init>(HttpCommandExecutor.java:94)
	at org.openqa.selenium.remote.HttpCommandExecutor.<init>(HttpCommandExecutor.java:85)
	at org.openqa.selenium.remote.service.DriverCommandExecutor.<init>(DriverCommandExecutor.java:80)
	at org.openqa.selenium.chromium.ChromiumDriverCommandExecutor.<init>(ChromiumDriverCommandExecutor.java:35)
	at org.openqa.selenium.edge.EdgeDriver$EdgeDriverCommandExecutor.<init>(EdgeDriver.java:69)
	at org.openqa.selenium.edge.EdgeDriver.<init>(EdgeDriver.java:52)
	at org.openqa.selenium.edge.EdgeDriver.<init>(EdgeDriver.java:44)
	at org.openqa.selenium.edge.EdgeDriver.<init>(EdgeDriver.java:41)
	at Test.FuncFile.openBrowserEdge(FuncFile.java:88)
	at Test.runningTests.beforeSystemSanityTests(runningTests.java:56)
	at java.base/jdk.internal.reflect.NativeMethodAccessorImpl.invoke0(Native Method)
	at java.base/jdk.internal.reflect.NativeMethodAccessorImpl.invoke(NativeMethodAccessorImpl.java:77)
	at java.base/jdk.internal.reflect.DelegatingMethodAccessorImpl.invoke(DelegatingMethodAccessorImpl.java:43)
	at java.base/java.lang.reflect.Method.invoke(Method.java:568)
	at org.testng.internal.MethodInvocationHelper.invokeMethod(MethodInvocationHelper.java:133)
	at org.testng.internal.MethodInvocationHelper.invokeMethodConsideringTimeout(MethodInvocationHelper.java:62)
	at org.testng.internal.ConfigInvoker.invokeConfigurationMethod(ConfigInvoker.java:385)
	at org.testng.internal.ConfigInvoker.invokeConfigurations(ConfigInvoker.java:321)
	at org.testng.internal.ConfigInvoker.invokeBeforeGroupsConfigurations(ConfigInvoker.java:149)
	at org.testng.internal.TestInvoker.invokeMethod(TestInvoker.java:522)
	at org.testng.internal.TestInvoker.invokeTestMethod(TestInvoker.java:173)
	at org.testng.internal.MethodRunner.runInSequence(MethodRunner.java:46)
	at org.testng.internal.TestInvoker$MethodInvocationAgent.invoke(TestInvoker.java:824)
	at org.testng.internal.TestInvoker.invokeTestMethods(TestInvoker.java:146)
	at org.testng.internal.TestMethodWorker.invokeTestMethods(TestMethodWorker.java:146)
	at org.testng.internal.TestMethodWorker.run(TestMethodWorker.java:128)
	at java.base/java.util.ArrayList.forEach(ArrayList.java:1511)
	at org.testng.TestRunner.privateRun(TestRunner.java:794)
	at org.testng.TestRunner.run(TestRunner.java:596)
	at org.testng.SuiteRunner.runTest(SuiteRunner.java:377)
	at org.testng.SuiteRunner.access$000(SuiteRunner.java:28)
	at org.testng.SuiteRunner$SuiteWorker.run(SuiteRunner.java:418)
	at org.testng.internal.thread.ThreadUtil.lambda$execute$0(ThreadUtil.java:64)
	at java.base/java.util.concurrent.FutureTask.run(FutureTask.java:264)
	at java.base/java.util.concurrent.ThreadPoolExecutor.runWorker(ThreadPoolExecutor.java:1136)
	at java.base/java.util.concurrent.ThreadPoolExecutor$Worker.run(ThreadPoolExecutor.java:635)
	at java.base/java.lang.Thread.run(Thread.java:833)
[2022-06-12 09:01:23,381]DEBUG   874[TestNG-tests-2] - io.netty.util.internal.PlatformDependent0.<clinit>(PlatformDependent0.java:386) - java.nio.DirectByteBuffer.<init>(long, int): unavailable
[2022-06-12 09:01:23,381]DEBUG   874[TestNG-tests-2] - io.netty.util.internal.PlatformDependent.unsafeUnavailabilityCause0(PlatformDependent.java:1030) - sun.misc.Unsafe: available
[2022-06-12 09:01:23,397]DEBUG   890[TestNG-tests-2] - io.netty.util.internal.PlatformDependent.maxDirectMemory0(PlatformDependent.java:1130) - maxDirectMemory: 4215275520 bytes (maybe)
[2022-06-12 09:01:23,398]DEBUG   891[TestNG-tests-2] - io.netty.util.internal.PlatformDependent.tmpdir0(PlatformDependent.java:1149) - -Dio.netty.tmpdir: C:\Users\arnon\AppData\Local\Temp (java.io.tmpdir)
[2022-06-12 09:01:23,398]DEBUG   891[TestNG-tests-2] - io.netty.util.internal.PlatformDependent.bitMode0(PlatformDependent.java:1228) - -Dio.netty.bitMode: 64 (sun.arch.data.model)
[2022-06-12 09:01:23,399]DEBUG   892[TestNG-tests-2] - io.netty.util.internal.PlatformDependent.<clinit>(PlatformDependent.java:174) - -Dio.netty.maxDirectMemory: -1 bytes
[2022-06-12 09:01:23,399]DEBUG   892[TestNG-tests-2] - io.netty.util.internal.PlatformDependent.<clinit>(PlatformDependent.java:181) - -Dio.netty.uninitializedArrayAllocationThreshold: -1
[2022-06-12 09:01:23,402]DEBUG   895[TestNG-tests-2] - io.netty.util.internal.CleanerJava9.<clinit>(CleanerJava9.java:71) - java.nio.ByteBuffer.cleaner(): available
[2022-06-12 09:01:23,402]DEBUG   895[TestNG-tests-2] - io.netty.util.internal.PlatformDependent.<clinit>(PlatformDependent.java:201) - -Dio.netty.noPreferDirect: false
[2022-06-12 09:01:23,414]DEBUG   907[TestNG-tests-2] - io.netty.util.internal.PlatformDependent$Mpsc.<clinit>(PlatformDependent.java:891) - org.jctools-core.MpscChunkedArrayQueue: available
[2022-06-12 09:01:23,430]DEBUG   923[TestNG-tests-2] - io.netty.util.internal.InternalThreadLocalMap.<clinit>(InternalThreadLocalMap.java:54) - -Dio.netty.threadLocalMap.stringBuilder.initialSize: 1024
[2022-06-12 09:01:23,431]DEBUG   924[TestNG-tests-2] - io.netty.util.internal.InternalThreadLocalMap.<clinit>(InternalThreadLocalMap.java:57) - -Dio.netty.threadLocalMap.stringBuilder.maxSize: 4096
[2022-06-12 09:01:23,442]DEBUG   935[TestNG-tests-2] - io.netty.handler.ssl.JdkSslContext.<clinit>(JdkSslContext.java:96) - Default protocols (JDK): [TLSv1.2] 
[2022-06-12 09:01:23,443]DEBUG   936[TestNG-tests-2] - io.netty.handler.ssl.JdkSslContext.<clinit>(JdkSslContext.java:97) - Default cipher suites (JDK): [TLS_ECDHE_ECDSA_WITH_AES_256_GCM_SHA384, TLS_ECDHE_ECDSA_WITH_AES_128_GCM_SHA256, TLS_ECDHE_RSA_WITH_AES_128_GCM_SHA256, TLS_ECDHE_RSA_WITH_AES_256_GCM_SHA384, TLS_ECDHE_RSA_WITH_AES_128_CBC_SHA, TLS_ECDHE_RSA_WITH_AES_256_CBC_SHA, TLS_RSA_WITH_AES_128_GCM_SHA256, TLS_RSA_WITH_AES_128_CBC_SHA, TLS_RSA_WITH_AES_256_CBC_SHA, TLS_AES_128_GCM_SHA256, TLS_AES_256_GCM_SHA384]
[2022-06-12 09:01:23,460]DEBUG   953[TestNG-tests-2] - io.netty.channel.MultithreadEventLoopGroup.<clinit>(MultithreadEventLoopGroup.java:44) - -Dio.netty.eventLoopThreads: 16
[2022-06-12 09:01:23,468]DEBUG   961[TestNG-tests-2] - io.netty.channel.nio.NioEventLoop.<clinit>(NioEventLoop.java:106) - -Dio.netty.noKeySetOptimization: false
[2022-06-12 09:01:23,468]DEBUG   961[TestNG-tests-2] - io.netty.channel.nio.NioEventLoop.<clinit>(NioEventLoop.java:107) - -Dio.netty.selectorAutoRebuildThreshold: 512
[2022-06-12 09:01:23,512]DEBUG  1005[TestNG-tests-2] - io.netty.buffer.PooledByteBufAllocator.<clinit>(PooledByteBufAllocator.java:142) - -Dio.netty.allocator.numHeapArenas: 16
[2022-06-12 09:01:23,512]DEBUG  1005[TestNG-tests-2] - io.netty.buffer.PooledByteBufAllocator.<clinit>(PooledByteBufAllocator.java:143) - -Dio.netty.allocator.numDirectArenas: 16
[2022-06-12 09:01:23,512]DEBUG  1005[TestNG-tests-2] - io.netty.buffer.PooledByteBufAllocator.<clinit>(PooledByteBufAllocator.java:145) - -Dio.netty.allocator.pageSize: 8192
[2022-06-12 09:01:23,513]DEBUG  1006[TestNG-tests-2] - io.netty.buffer.PooledByteBufAllocator.<clinit>(PooledByteBufAllocator.java:150) - -Dio.netty.allocator.maxOrder: 11
[2022-06-12 09:01:23,513]DEBUG  1006[TestNG-tests-2] - io.netty.buffer.PooledByteBufAllocator.<clinit>(PooledByteBufAllocator.java:154) - -Dio.netty.allocator.chunkSize: 16777216
[2022-06-12 09:01:23,513]DEBUG  1006[TestNG-tests-2] - io.netty.buffer.PooledByteBufAllocator.<clinit>(PooledByteBufAllocator.java:155) - -Dio.netty.allocator.tinyCacheSize: 512
[2022-06-12 09:01:23,513]DEBUG  1006[TestNG-tests-2] - io.netty.buffer.PooledByteBufAllocator.<clinit>(PooledByteBufAllocator.java:156) - -Dio.netty.allocator.smallCacheSize: 256
[2022-06-12 09:01:23,513]DEBUG  1006[TestNG-tests-2] - io.netty.buffer.PooledByteBufAllocator.<clinit>(PooledByteBufAllocator.java:157) - -Dio.netty.allocator.normalCacheSize: 64
[2022-06-12 09:01:23,513]DEBUG  1006[TestNG-tests-2] - io.netty.buffer.PooledByteBufAllocator.<clinit>(PooledByteBufAllocator.java:158) - -Dio.netty.allocator.maxCachedBufferCapacity: 32768
[2022-06-12 09:01:23,514]DEBUG  1007[TestNG-tests-2] - io.netty.buffer.PooledByteBufAllocator.<clinit>(PooledByteBufAllocator.java:159) - -Dio.netty.allocator.cacheTrimInterval: 8192
[2022-06-12 09:01:23,514]DEBUG  1007[TestNG-tests-2] - io.netty.buffer.PooledByteBufAllocator.<clinit>(PooledByteBufAllocator.java:160) - -Dio.netty.allocator.cacheTrimIntervalMillis: 0
[2022-06-12 09:01:23,514]DEBUG  1007[TestNG-tests-2] - io.netty.buffer.PooledByteBufAllocator.<clinit>(PooledByteBufAllocator.java:161) - -Dio.netty.allocator.useCacheForAllThreads: true
[2022-06-12 09:01:23,514]DEBUG  1007[TestNG-tests-2] - io.netty.buffer.PooledByteBufAllocator.<clinit>(PooledByteBufAllocator.java:162) - -Dio.netty.allocator.maxCachedByteBuffersPerChunk: 1023
[2022-06-12 09:01:23,524]DEBUG  1017[TestNG-tests-2] - io.netty.buffer.ByteBufUtil.<clinit>(ByteBufUtil.java:86) - -Dio.netty.allocator.type: pooled
[2022-06-12 09:01:23,524]DEBUG  1017[TestNG-tests-2] - io.netty.buffer.ByteBufUtil.<clinit>(ByteBufUtil.java:95) - -Dio.netty.threadLocalDirectBufferSize: 0
[2022-06-12 09:01:23,524]DEBUG  1017[TestNG-tests-2] - io.netty.buffer.ByteBufUtil.<clinit>(ByteBufUtil.java:98) - -Dio.netty.maxThreadLocalCharBufferSize: 16384
